<?xml version="1.0" encoding="UTF-8" ?>
<testsuite name="com.diasparsoftware.gsbase.test.GetContentAsBytesTest" tests="4" failures="0" errors="0" time="0.311">
  <properties>
[...]
</properties>
  <testcase name="testNull" time="0.11"></testcase>
  <testcase name="testEmptyStream" time="0.02"></testcase>
  <testcase name="testSimpleHappyPath" time="0.0"></testcase>
  <testcase name="testLargeBuffer" time="0.151"></testcase>
  <system-out><![CDATA[]]></system-out>
  <system-err><![CDATA[]]></system-err>
</testsuite>
