<?xml version="1.0" encoding="UTF-8" ?>
<testsuite name="com.diasparsoftware.java.util.test.MakeMapFromArrayTest" tests="3" failures="0" errors="0" time="0.05">
  <properties>
[...]
</properties>
  <testcase name="makeMapFromArrayTest #0" classname="com.diasparsoftware.java.util.test.MakeMapFromArrayTest" time="0.0"></testcase>
  <testcase name="makeMapFromArrayTest #1" classname="com.diasparsoftware.java.util.test.MakeMapFromArrayTest" time="0.0"></testcase>
  <testcase name="makeMapFromArrayTest #2" classname="com.diasparsoftware.java.util.test.MakeMapFromArrayTest" time="0.0"></testcase>
  <system-out><![CDATA[]]></system-out>
  <system-err><![CDATA[]]></system-err>
</testsuite>
