<?xml version="1.0" encoding="UTF-8" ?>
<testsuite errors="2" failures="0" name="junit.cookbook.coffee.jdbc.test.CoffeeShopDatabaseSchemaTest" tests="2" time="0.551">
  <properties>
[...]
</properties>
  <testcase name="testTablesAndColumnsExist" time="0.08">
    <error message="Login failure" type="java.sql.SQLException">java.sql.SQLException: Login failure
	at com.mimer.jdbc.Connection.a(Unknown Source)
	at com.mimer.jdbc.Connection.if(Unknown Source)
	at com.mimer.jdbc.Connection.a(Unknown Source)
	at com.mimer.jdbc.Connection.&lt;init&gt;(Unknown Source)
	at com.mimer.jdbc.Connection.&lt;init&gt;(Unknown Source)
	at com.mimer.jdbc.MimerDataSource.getConnection(Unknown Source)
	at com.mimer.jdbc.MimerDataSource.getConnection(Unknown Source)
	at junit.cookbook.coffee.jdbc.test.CoffeeShopDatabaseFixture.setUp(CoffeeShopDatabaseFixture.java:20)
</error>
  </testcase>
  <testcase name="testCoffeeNameUniquenessConstraint" time="0.02">
    <error message="Login failure" type="java.sql.SQLException">java.sql.SQLException: Login failure
	at com.mimer.jdbc.Connection.a(Unknown Source)
	at com.mimer.jdbc.Connection.if(Unknown Source)
	at com.mimer.jdbc.Connection.a(Unknown Source)
	at com.mimer.jdbc.Connection.&lt;init&gt;(Unknown Source)
	at com.mimer.jdbc.Connection.&lt;init&gt;(Unknown Source)
	at com.mimer.jdbc.MimerDataSource.getConnection(Unknown Source)
	at com.mimer.jdbc.MimerDataSource.getConnection(Unknown Source)
	at junit.cookbook.coffee.jdbc.test.CoffeeShopDatabaseFixture.setUp(CoffeeShopDatabaseFixture.java:20)
</error>
  </testcase>
  <system-out><![CDATA[]]></system-out>
  <system-err><![CDATA[]]></system-err>
</testsuite>
